Info: Starting: Create block symbol file (.bsf)
Info: qsys-generate C:\Users\myself\Code\FPGA\Cyclone_FPGA\cyclone_fpga.qsys --block-symbol-file --output-directory=C:\Users\myself\Code\FPGA\Cyclone_FPGA\cyclone_fpga --family="Cyclone V" --part=5CSXFC6D6F31C6
Progress: Loading Cyclone_FPGA/cyclone_fpga.qsys
Progress: Reading input file
Progress: Adding clk_0 [clock_source 17.0]
Progress: Parameterizing module clk_0
Progress: Adding hps_0 [altera_hps 17.0]
Progress: Parameterizing module hps_0
Progress: Adding led_test_0 [led_test 1.0]
Progress: Parameterizing module led_test_0
Progress: Building connections
Progress: Parameterizing connections
Progress: Validating
Progress: Done reading input file
Info: cyclone_fpga.hps_0: HPS Main PLL counter settings: n = 0  m = 73
Info: cyclone_fpga.hps_0: HPS peripherial PLL counter settings: n = 0  m = 39
Warning: cyclone_fpga.hps_0: "Configuration/HPS-to-FPGA user 0 clock frequency" (desired_cfg_clk_mhz) requested 100.0 MHz, but only achieved 97.368421 MHz
Warning: cyclone_fpga.hps_0: 1 or more output clock frequencies cannot be achieved precisely, consider revising desired output clock frequencies.
Warning: cyclone_fpga.hps_0: set_interface_assignment: Interface "hps_io" does not exist
Info: qsys-generate succeeded.
Info: Finished: Create block symbol file (.bsf)
Info: 
Info: Starting: Create HDL design files for synthesis
Info: qsys-generate C:\Users\myself\Code\FPGA\Cyclone_FPGA\cyclone_fpga.qsys --synthesis=VERILOG --output-directory=C:\Users\myself\Code\FPGA\Cyclone_FPGA\cyclone_fpga\synthesis --family="Cyclone V" --part=5CSXFC6D6F31C6
Progress: Loading Cyclone_FPGA/cyclone_fpga.qsys
Progress: Reading input file
Progress: Adding clk_0 [clock_source 17.0]
Progress: Parameterizing module clk_0
Progress: Adding hps_0 [altera_hps 17.0]
Progress: Parameterizing module hps_0
Progress: Adding led_test_0 [led_test 1.0]
Progress: Parameterizing module led_test_0
Progress: Building connections
Progress: Parameterizing connections
Progress: Validating
Progress: Done reading input file
Info: cyclone_fpga.hps_0: HPS Main PLL counter settings: n = 0  m = 73
Info: cyclone_fpga.hps_0: HPS peripherial PLL counter settings: n = 0  m = 39
Warning: cyclone_fpga.hps_0: "Configuration/HPS-to-FPGA user 0 clock frequency" (desired_cfg_clk_mhz) requested 100.0 MHz, but only achieved 97.368421 MHz
Warning: cyclone_fpga.hps_0: 1 or more output clock frequencies cannot be achieved precisely, consider revising desired output clock frequencies.
Warning: cyclone_fpga.hps_0: set_interface_assignment: Interface "hps_io" does not exist
Info: cyclone_fpga: Generating cyclone_fpga "cyclone_fpga" for QUARTUS_SYNTH
Info: Interconnect is inserted between master hps_0.h2f_lw_axi_master and slave led_test_0.avalon_slave_0 because the master is of type axi and the slave is of type avalon.
Info: hps_0: "Running  for module: hps_0"
Info: hps_0: HPS Main PLL counter settings: n = 0  m = 73
Info: hps_0: HPS peripherial PLL counter settings: n = 0  m = 39
Warning: hps_0: "Configuration/HPS-to-FPGA user 0 clock frequency" (desired_cfg_clk_mhz) requested 100.0 MHz, but only achieved 97.368421 MHz
Warning: hps_0: 1 or more output clock frequencies cannot be achieved precisely, consider revising desired output clock frequencies.
Warning: hps_0: set_interface_assignment: Interface "hps_io" does not exist
Info: hps_0: "cyclone_fpga" instantiated altera_hps "hps_0"
Info: led_test_0: "cyclone_fpga" instantiated led_test "led_test_0"
Info: avalon_st_adapter: Inserting error_adapter: error_adapter_0
Info: mm_interconnect_0: "cyclone_fpga" instantiated altera_mm_interconnect "mm_interconnect_0"
Info: rst_controller: "cyclone_fpga" instantiated altera_reset_controller "rst_controller"
Info: fpga_interfaces: "hps_0" instantiated altera_interface_generator "fpga_interfaces"
Info: hps_io: "hps_0" instantiated altera_hps_io "hps_io"
Info: led_test_0_avalon_slave_0_translator: "mm_interconnect_0" instantiated altera_merlin_slave_translator "led_test_0_avalon_slave_0_translator"
Info: hps_0_h2f_lw_axi_master_agent: "mm_interconnect_0" instantiated altera_merlin_axi_master_ni "hps_0_h2f_lw_axi_master_agent"
Info: led_test_0_avalon_slave_0_agent: "mm_interconnect_0" instantiated altera_merlin_slave_agent "led_test_0_avalon_slave_0_agent"
Info: led_test_0_avalon_slave_0_agent_rsp_fifo: "mm_interconnect_0" instantiated altera_avalon_sc_fifo "led_test_0_avalon_slave_0_agent_rsp_fifo"
Info: router: "mm_interconnect_0" instantiated altera_merlin_router "router"
Info: router_002: "mm_interconnect_0" instantiated altera_merlin_router "router_002"
Info: led_test_0_avalon_slave_0_burst_adapter: "mm_interconnect_0" instantiated altera_merlin_burst_adapter "led_test_0_avalon_slave_0_burst_adapter"
Info: Reusing file C:/Users/myself/Code/FPGA/Cyclone_FPGA/cyclone_fpga/synthesis/submodules/altera_merlin_address_alignment.sv
Info: cmd_demux: "mm_interconnect_0" instantiated altera_merlin_demultiplexer "cmd_demux"
Info: cmd_mux: "mm_interconnect_0" instantiated altera_merlin_multiplexer "cmd_mux"
Info: rsp_demux: "mm_interconnect_0" instantiated altera_merlin_demultiplexer "rsp_demux"
Info: rsp_mux: "mm_interconnect_0" instantiated altera_merlin_multiplexer "rsp_mux"
Info: Reusing file C:/Users/myself/Code/FPGA/Cyclone_FPGA/cyclone_fpga/synthesis/submodules/altera_merlin_arbitrator.sv
Info: led_test_0_avalon_slave_0_rsp_width_adapter: "mm_interconnect_0" instantiated altera_merlin_width_adapter "led_test_0_avalon_slave_0_rsp_width_adapter"
Info: Reusing file C:/Users/myself/Code/FPGA/Cyclone_FPGA/cyclone_fpga/synthesis/submodules/altera_merlin_address_alignment.sv
Info: Reusing file C:/Users/myself/Code/FPGA/Cyclone_FPGA/cyclone_fpga/synthesis/submodules/altera_merlin_burst_uncompressor.sv
Info: avalon_st_adapter: "mm_interconnect_0" instantiated altera_avalon_st_adapter "avalon_st_adapter"
Info: border: "hps_io" instantiated altera_interface_generator "border"
Info: error_adapter_0: "avalon_st_adapter" instantiated error_adapter "error_adapter_0"
Info: cyclone_fpga: Done "cyclone_fpga" with 22 modules, 77 files
Info: qsys-generate succeeded.
Info: Finished: Create HDL design files for synthesis
