Info: Starting: Create block symbol file (.bsf)
Info: qsys-generate C:\Users\myself\Code\FPGA\Cyclone_FPGA\cyclone_fpga.qsys --block-symbol-file --output-directory=C:\Users\myself\Code\FPGA\Cyclone_FPGA\cyclone_fpga --family="Cyclone V" --part=5CSXFC6D6F31C6
Progress: Loading Cyclone_FPGA/cyclone_fpga.qsys
Progress: Reading input file
Progress: Adding clk_0 [clock_source 16.1]
Progress: Parameterizing module clk_0
Progress: Adding hps_0 [altera_hps 16.1]
Progress: Parameterizing module hps_0
Progress: Building connections
Progress: Parameterizing connections
Progress: Validating
Progress: Done reading input file
Info: cyclone_fpga.hps_0: HPS Main PLL counter settings: n = 0  m = 73
Info: cyclone_fpga.hps_0: HPS peripherial PLL counter settings: n = 0  m = 39
Warning: cyclone_fpga.hps_0: "Configuration/HPS-to-FPGA user 0 clock frequency" (desired_cfg_clk_mhz) requested 100.0 MHz, but only achieved 97.368421 MHz
Warning: cyclone_fpga.hps_0: 1 or more output clock frequencies cannot be achieved precisely, consider revising desired output clock frequencies.
Warning: cyclone_fpga.hps_0: set_interface_assignment: Interface "hps_io" does not exist
Info: qsys-generate succeeded.
Info: Finished: Create block symbol file (.bsf)
Info: 
Info: Starting: Create HDL design files for synthesis
Info: qsys-generate C:\Users\myself\Code\FPGA\Cyclone_FPGA\cyclone_fpga.qsys --synthesis=VERILOG --output-directory=C:\Users\myself\Code\FPGA\Cyclone_FPGA\cyclone_fpga\synthesis --family="Cyclone V" --part=5CSXFC6D6F31C6
Progress: Loading Cyclone_FPGA/cyclone_fpga.qsys
Progress: Reading input file
Progress: Adding clk_0 [clock_source 16.1]
Progress: Parameterizing module clk_0
Progress: Adding hps_0 [altera_hps 16.1]
Progress: Parameterizing module hps_0
Progress: Building connections
Progress: Parameterizing connections
Progress: Validating
Progress: Done reading input file
Info: cyclone_fpga.hps_0: HPS Main PLL counter settings: n = 0  m = 73
Info: cyclone_fpga.hps_0: HPS peripherial PLL counter settings: n = 0  m = 39
Warning: cyclone_fpga.hps_0: "Configuration/HPS-to-FPGA user 0 clock frequency" (desired_cfg_clk_mhz) requested 100.0 MHz, but only achieved 97.368421 MHz
Warning: cyclone_fpga.hps_0: 1 or more output clock frequencies cannot be achieved precisely, consider revising desired output clock frequencies.
Warning: cyclone_fpga.hps_0: set_interface_assignment: Interface "hps_io" does not exist
Info: cyclone_fpga: Generating cyclone_fpga "cyclone_fpga" for QUARTUS_SYNTH
Info: hps_0: "Running  for module: hps_0"
Info: hps_0: HPS Main PLL counter settings: n = 0  m = 73
Info: hps_0: HPS peripherial PLL counter settings: n = 0  m = 39
Warning: hps_0: "Configuration/HPS-to-FPGA user 0 clock frequency" (desired_cfg_clk_mhz) requested 100.0 MHz, but only achieved 97.368421 MHz
Warning: hps_0: 1 or more output clock frequencies cannot be achieved precisely, consider revising desired output clock frequencies.
Warning: hps_0: set_interface_assignment: Interface "hps_io" does not exist
Info: hps_0: "cyclone_fpga" instantiated altera_hps "hps_0"
Info: fpga_interfaces: "hps_0" instantiated altera_interface_generator "fpga_interfaces"
Info: hps_io: "hps_0" instantiated altera_hps_io "hps_io"
Info: border: "hps_io" instantiated altera_interface_generator "border"
Info: cyclone_fpga: Done "cyclone_fpga" with 5 modules, 47 files
Info: qsys-generate succeeded.
Info: Finished: Create HDL design files for synthesis
